<?xml version="1.0" encoding="UTF-8"?>
<!-- Generated by org.testng.reporters.JUnitReportReporter -->
<testsuite hostname="Tenzins-MacBook-Pro-2.local" failures="0" tests="13" name="org.example.HurtMePlentyTest" time="88.216" errors="0" timestamp="2023-05-05T12:04:14 IST" skipped="0">
  <testcase classname="org.example.HurtMePlentyTest" name="environment" time="10.707"/>
  <system-out/>
  <testcase classname="org.example.HurtMePlentyTest" name="homePageTest" time="26.433"/>
  <system-out/>
  <testcase classname="org.example.HurtMePlentyTest" name="NoOfInstance" time="6.281"/>
  <system-out/>
  <testcase classname="org.example.HurtMePlentyTest" name="OS" time="4.232"/>
  <system-out/>
  <testcase classname="org.example.HurtMePlentyTest" name="VM_Class" time="4.195"/>
  <system-out/>
  <testcase classname="org.example.HurtMePlentyTest" name="Series" time="4.224"/>
  <system-out/>
  <testcase classname="org.example.HurtMePlentyTest" name="Instance_Type" time="4.213"/>
  <system-out/>
  <testcase classname="org.example.HurtMePlentyTest" name="GPU" time="12.633"/>
  <system-out/>
  <testcase classname="org.example.HurtMePlentyTest" name="Local_SSD" time="4.205"/>
  <system-out/>
  <testcase classname="org.example.HurtMePlentyTest" name="Location" time="4.200"/>
  <system-out/>
  <testcase classname="org.example.HurtMePlentyTest" name="usage" time="4.226"/>
  <system-out/>
  <testcase classname="org.example.HurtMePlentyTest" name="Estimate" time="2.204"/>
  <system-out/>
  <testcase classname="org.example.HurtMePlentyTest" name="closeDriver" time="0.463"/>
  <system-out/>
</testsuite> <!-- org.example.HurtMePlentyTest -->
