<?xml version="1.0" encoding="UTF-8"?>
<!-- Generated by org.testng.reporters.JUnitReportReporter -->
<testsuite hostname="Tenzins-MacBook-Pro-2.local" failures="0" tests="13" name="org.example.HurtMePlentyTest" time="85.988" errors="0" timestamp="2023-05-05T13:02:35 IST" skipped="0">
  <testcase classname="org.example.HurtMePlentyTest" name="environment" time="8.852"/>
  <system-out/>
  <testcase classname="org.example.HurtMePlentyTest" name="homePageTest" time="26.101"/>
  <system-out/>
  <testcase classname="org.example.HurtMePlentyTest" name="NoOfInstance" time="6.291"/>
  <system-out/>
  <testcase classname="org.example.HurtMePlentyTest" name="OS" time="4.224"/>
  <system-out/>
  <testcase classname="org.example.HurtMePlentyTest" name="VM_Class" time="4.206"/>
  <system-out/>
  <testcase classname="org.example.HurtMePlentyTest" name="Series" time="4.220"/>
  <system-out/>
  <testcase classname="org.example.HurtMePlentyTest" name="Instance_Type" time="4.197"/>
  <system-out/>
  <testcase classname="org.example.HurtMePlentyTest" name="GPU" time="12.654"/>
  <system-out/>
  <testcase classname="org.example.HurtMePlentyTest" name="Local_SSD" time="4.217"/>
  <system-out/>
  <testcase classname="org.example.HurtMePlentyTest" name="Location" time="4.206"/>
  <system-out/>
  <testcase classname="org.example.HurtMePlentyTest" name="usage" time="4.215"/>
  <system-out/>
  <testcase classname="org.example.HurtMePlentyTest" name="closeDriver" time="0.370"/>
  <system-out/>
  <testcase classname="org.example.HurtMePlentyTest" name="Estimate" time="2.235"/>
  <system-out/>
</testsuite> <!-- org.example.HurtMePlentyTest -->
