<?xml version="1.0" encoding="UTF-8"?>
<!-- Generated by org.testng.reporters.JUnitReportReporter -->
<testsuite hostname="Tenzins-MacBook-Pro-2.local" failures="0" tests="1" name="org.example.ICanWinTest" time="14.297" errors="0" timestamp="2023-05-06T17:14:33 IST" skipped="0">
  <testcase classname="org.example.ICanWinTest" name="NewPaste" time="14.297"/>
  <system-out/>
</testsuite> <!-- org.example.ICanWinTest -->
